<?xml version="1.0" encoding="UTF-8"?>
<!-- Generated by org.testng.reporters.JUnitReportReporter -->
<testsuite hostname="DESKTOP-C4MOHRM" failures="0" tests="1" name="testRunner.TestRunner" time="40.097" errors="1" timestamp="2024-12-17T19:11:48 IST" skipped="0">
  <testcase classname="testRunner.TestRunner" name="runScenario" time="40.097">
    <error message="Expected condition failed: waiting for element to be clickable: By.xpath: //android.widget.TextView[@content-desc=&#039;Views&#039;] (tried for 10 second(s) with 500 milliseconds interval)
Build info: version: &#039;4.0.0&#039;, revision: &#039;3a21814679&#039;
System info: host: &#039;DESKTOP-C4MOHRM&#039;, ip: &#039;169.254.48.77&#039;, os.name: &#039;Windows 10&#039;, os.arch: &#039;amd64&#039;, os.version: &#039;10.0&#039;, java.version: &#039;17.0.8&#039;
Driver info: io.appium.java_client.android.AndroidDriver
Capabilities {appium:PlatformVersion: 14.0, appium:app: F:\mobileapp\ApiDemos-debug..., appium:appActivity: .ApiDemos, appium:appPackage: io.appium.android.apis, appium:automationName: UiAutomator2, appium:databaseEnabled: false, appium:desired: {PlatformVersion: 14.0, app: F:\mobileapp\ApiDemos-debug..., appActivity: .ApiDemos, appPackage: io.appium.android.apis, automationName: UiAutomator2, deviceName: emulator-5556, plaformName: Android, platformName: android}, appium:deviceApiLevel: 34, appium:deviceManufacturer: Google, appium:deviceModel: sdk_gphone64_x86_64, appium:deviceName: emulator-5556, appium:deviceScreenDensity: 420, appium:deviceScreenSize: 1080x2400, appium:deviceUDID: emulator-5556, appium:javascriptEnabled: true, appium:locationContextEnabled: false, appium:networkConnectionEnabled: true, appium:pixelRatio: 2.625, appium:plaformName: Android, appium:platformVersion: 14, appium:statBarHeight: 63, appium:takesScreenshot: true, appium:viewportRect: {height: 2337, left: 0, top: 63, width: 1080}, appium:warnings: {}, appium:webStorageEnabled: false, platformName: android}
Session ID: 200da435-6f75-45bf-b332-ce2f573435ab" type="org.openqa.selenium.TimeoutException">
      <![CDATA[org.openqa.selenium.TimeoutException: Expected condition failed: waiting for element to be clickable: By.xpath: //android.widget.TextView[@content-desc='Views'] (tried for 10 second(s) with 500 milliseconds interval)
Build info: version: '4.0.0', revision: '3a21814679'
System info: host: 'DESKTOP-C4MOHRM', ip: '169.254.48.77', os.name: 'Windows 10', os.arch: 'amd64', os.version: '10.0', java.version: '17.0.8'
Driver info: io.appium.java_client.android.AndroidDriver
Capabilities {appium:PlatformVersion: 14.0, appium:app: F:\mobileapp\ApiDemos-debug..., appium:appActivity: .ApiDemos, appium:appPackage: io.appium.android.apis, appium:automationName: UiAutomator2, appium:databaseEnabled: false, appium:desired: {PlatformVersion: 14.0, app: F:\mobileapp\ApiDemos-debug..., appActivity: .ApiDemos, appPackage: io.appium.android.apis, automationName: UiAutomator2, deviceName: emulator-5556, plaformName: Android, platformName: android}, appium:deviceApiLevel: 34, appium:deviceManufacturer: Google, appium:deviceModel: sdk_gphone64_x86_64, appium:deviceName: emulator-5556, appium:deviceScreenDensity: 420, appium:deviceScreenSize: 1080x2400, appium:deviceUDID: emulator-5556, appium:javascriptEnabled: true, appium:locationContextEnabled: false, appium:networkConnectionEnabled: true, appium:pixelRatio: 2.625, appium:plaformName: Android, appium:platformVersion: 14, appium:statBarHeight: 63, appium:takesScreenshot: true, appium:viewportRect: {height: 2337, left: 0, top: 63, width: 1080}, appium:warnings: {}, appium:webStorageEnabled: false, platformName: android}
Session ID: 200da435-6f75-45bf-b332-ce2f573435ab
at org.openqa.selenium.support.ui.WebDriverWait.timeoutException(WebDriverWait.java:84)
at org.openqa.selenium.support.ui.FluentWait.until(FluentWait.java:228)
at base.Utlityclass.waitForClickability(Utlityclass.java:42)
at base.Utlityclass.clickElement(Utlityclass.java:71)
at pages.ViewPage.Clickview(ViewPage.java:22)
at stepdefinitions.ViewSteps.click_the_view_link(ViewSteps.java:34)
at ✽.Click the view Link(file:///C:/Users/C2TA/eclipse-workspace/ApidemoAppiumFramework/src/test/resources/Features/Testcase.feature:5)
]]>
    </error>
  </testcase> <!-- runScenario -->
  <system-out/>
</testsuite> <!-- testRunner.TestRunner -->
